<?xml version="1.0" encoding="UTF-8"?>
<testng-results skipped="0" failed="0" total="1" passed="1">
  <reporter-output>
  </reporter-output>
  <suite name="Suite" duration-ms="24531" started-at="2016-05-04T11:53:16Z" finished-at="2016-05-04T11:53:41Z">
    <groups>
    </groups>
    <test name="LATimesAndroidTest" duration-ms="24531" started-at="2016-05-04T11:53:16Z" finished-at="2016-05-04T11:53:41Z">
      <class name="com.LATimes.tests.LATimesCallingFunctions">
        <test-method status="PASS" signature="testSetUp(java.lang.String, java.lang.String, java.lang.String, java.lang.String, java.lang.String)[pri:0, instance:com.LATimes.tests.LATimesCallingFunctions@77caeb3e]" name="testSetUp" is-config="true" duration-ms="17994" started-at="2016-05-04T17:23:16Z" finished-at="2016-05-04T17:23:34Z">
          <params>
            <param index="0">
              <value>
                <![CDATA[Samsung Galaxy S5]]>
              </value>
            </param>
            <param index="1">
              <value>
                <![CDATA[8001]]>
              </value>
            </param>
            <param index="2">
              <value>
                <![CDATA[Android]]>
              </value>
            </param>
            <param index="3">
              <value>
                <![CDATA[com.tribune.universalnews.MainActivity]]>
              </value>
            </param>
            <param index="4">
              <value>
                <![CDATA[com.apptivateme.next.la]]>
              </value>
            </param>
          </params>
          <reporter-output>
          </reporter-output>
        </test-method> <!-- testSetUp -->
        <test-method status="PASS" signature="getSizeOfSections()[pri:0, instance:com.LATimes.tests.LATimesCallingFunctions@77caeb3e]" name="getSizeOfSections" duration-ms="6501" started-at="2016-05-04T17:23:34Z" finished-at="2016-05-04T17:23:41Z">
          <reporter-output>
          </reporter-output>
        </test-method> <!-- getSizeOfSections -->
      </class> <!-- com.LATimes.tests.LATimesCallingFunctions -->
    </test> <!-- LATimesAndroidTest -->
  </suite> <!-- Suite -->
</testng-results>
