<?xml version="1.0" encoding="UTF-8"?>
<testng-results skipped="0" failed="0" total="2" passed="2">
  <reporter-output>
  </reporter-output>
  <suite name="Default suite" duration-ms="69936" started-at="2016-04-14T10:36:45Z" finished-at="2016-04-14T10:37:55Z">
    <groups>
    </groups>
    <test name="Default test" duration-ms="69936" started-at="2016-04-14T10:36:45Z" finished-at="2016-04-14T10:37:55Z">
      <class name="com.ecommerce.callingFunctions.CallingFunctions">
        <test-method status="PASS" signature="OpenSite()[pri:0, instance:com.ecommerce.callingFunctions.CallingFunctions@1dfb72a]" name="OpenSite" is-config="true" duration-ms="19433" started-at="2016-04-14T16:06:45Z" finished-at="2016-04-14T16:07:04Z">
          <reporter-output>
          </reporter-output>
        </test-method> <!-- OpenSite -->
        <test-method status="PASS" signature="verifyThatAnItemIsAddedToCart()[pri:0, instance:com.ecommerce.callingFunctions.CallingFunctions@1dfb72a]" name="verifyThatAnItemIsAddedToCart" duration-ms="8645" started-at="2016-04-14T16:07:04Z" finished-at="2016-04-14T16:07:13Z">
          <reporter-output>
          </reporter-output>
        </test-method> <!-- verifyThatAnItemIsAddedToCart -->
        <test-method status="PASS" signature="verifyUserCanPurchaseItems()[pri:0, instance:com.ecommerce.callingFunctions.CallingFunctions@1dfb72a]" name="verifyUserCanPurchaseItems" duration-ms="37857" started-at="2016-04-14T16:07:13Z" depends-on-methods="com.ecommerce.callingFunctions.CallingFunctions.verifyThatAnItemIsAddedToCart" finished-at="2016-04-14T16:07:51Z">
          <reporter-output>
          </reporter-output>
        </test-method> <!-- verifyUserCanPurchaseItems -->
        <test-method status="PASS" signature="tear()[pri:0, instance:com.ecommerce.callingFunctions.CallingFunctions@1dfb72a]" name="tear" is-config="true" duration-ms="3970" started-at="2016-04-14T16:07:51Z" finished-at="2016-04-14T16:07:55Z">
          <reporter-output>
          </reporter-output>
        </test-method> <!-- tear -->
      </class> <!-- com.ecommerce.callingFunctions.CallingFunctions -->
    </test> <!-- Default test -->
  </suite> <!-- Default suite -->
</testng-results>
