<?xml version="1.0" encoding="UTF-8"?>
<!-- Generated by org.testng.reporters.JUnitXMLReporter -->
<testsuite hostname="U2-DPE-CPB-0052" name="LATimesAndroidTest" tests="1" failures="1" timestamp="13 May 2016 10:35:20 GMT" time="74.062" errors="0">
  <testcase name="swipeThroughSectionFronts" time="52.316" classname="com.LATimes.tests.LATimesCallingFunctions">
    <failure type="java.lang.AssertionError" message="User was able to swipe through sections fronts to and fro SUCCESSFULLY expected [false] but found [true]">
      <![CDATA[java.lang.AssertionError: User was able to swipe through sections fronts to and fro SUCCESSFULLY expected [false] but found [true]
	at com.LATimes.tests.LATimesCallingFunctions.swipeThroughSectionFronts(LATimesCallingFunctions.java:53)
... Removed 28 stack frames]]>
    </failure>
  </testcase> <!-- swipeThroughSectionFronts -->
</testsuite> <!-- LATimesAndroidTest -->
