<?xml version="1.0" encoding="UTF-8"?>
<!-- Generated by org.testng.reporters.JUnitXMLReporter -->
<testsuite hostname="U2-DPE-CPB-0052" name="LATimesAndroidTest" tests="1" failures="1" timestamp="18 May 2016 10:34:28 GMT" time="106.697" errors="0">
  <testcase name="verifyThatUserCanScrollThroughArticles" time="82.404" classname="com.LATimes.tests.LATimesCallingFunctions">
    <failure type="java.lang.IndexOutOfBoundsException" message="Index: 2, Size: 1">
      <![CDATA[java.lang.IndexOutOfBoundsException: Index: 2, Size: 1
	at java.util.ArrayList.rangeCheck(Unknown Source)
	at java.util.ArrayList.get(Unknown Source)
	at com.LATimes.pageObjects.SectionFrontPageObjects.getArticleTitles(SectionFrontPageObjects.java:127)
	at com.LATimes.pageObjects.SectionFrontPageObjects.scrollingThroughArticlesOnASectionFront(SectionFrontPageObjects.java:204)
	at com.LATimes.tests.LATimesCallingFunctions.verifyThatUserCanScrollThroughArticles(LATimesCallingFunctions.java:76)
... Removed 24 stack frames]]>
    </failure>
  </testcase> <!-- verifyThatUserCanScrollThroughArticles -->
</testsuite> <!-- LATimesAndroidTest -->
