<?xml version="1.0" encoding="UTF-8"?>
<!-- Generated by org.testng.reporters.JUnitXMLReporter -->
<testsuite hostname="U1-DPE-CPB-0020" name="Default test" tests="2" failures="0" timestamp="13 Apr 2016 14:53:10 GMT" time="57.952" errors="0">
  <testcase name="verifyThatAnItemIsAddedToCart" time="10.327" classname="com.ecommerce.callingFunctions.CallingFunctions"/>
  <testcase name="purchaseItems" time="26.122" classname="com.ecommerce.callingFunctions.CallingFunctions"/>
</testsuite> <!-- Default test -->
