<?xml version="1.0" encoding="UTF-8"?>
<!-- Generated by org.testng.reporters.JUnitXMLReporter -->
<testsuite hostname="U1-DPE-CPB-0020" name="Default test" tests="2" failures="0" timestamp="14 Apr 2016 10:37:55 GMT" time="69.936" errors="0">
  <testcase name="verifyThatAnItemIsAddedToCart" time="8.645" classname="com.ecommerce.callingFunctions.CallingFunctions"/>
  <testcase name="verifyUserCanPurchaseItems" time="37.857" classname="com.ecommerce.callingFunctions.CallingFunctions"/>
</testsuite> <!-- Default test -->
