<?xml version="1.0" encoding="UTF-8"?>
<!-- Generated by org.testng.reporters.JUnitXMLReporter -->
<testsuite hostname="U2-DPE-CPB-0052" name="Default test" tests="1" failures="0" timestamp="12 May 2016 06:56:21 GMT" time="0.531" errors="0">
  <testcase name="@BeforeTest testSetUp" time="0.0" classname="com.LATimes.tests.LATimesCallingFunctions">
    <failure type="org.testng.TestNGException" message="
Parameter &amp;apos;device_Name&amp;apos; is required by @Configuration on method testSetUp but has not been marked @Optional or defined
in C:\Users\chaitanyak\AppData\Local\Temp\testng-eclipse-1944834114\testng-customsuite.xml">
      <![CDATA[org.testng.TestNGException: 
Parameter 'device_Name' is required by @Configuration on method testSetUp but has not been marked @Optional or defined
in C:\Users\chaitanyak\AppData\Local\Temp\testng-eclipse-1944834114\testng-customsuite.xml
	at org.testng.internal.Parameters.createParameters(Parameters.java:154)
	at org.testng.internal.Parameters.createParameters(Parameters.java:361)
	at org.testng.internal.Parameters.createConfigurationParameters(Parameters.java:84)
	at org.testng.internal.Invoker.invokeConfigurations(Invoker.java:197)
	at org.testng.internal.Invoker.invokeConfigurations(Invoker.java:138)
	at org.testng.TestRunner.beforeRun(TestRunner.java:648)
	at org.testng.TestRunner.run(TestRunner.java:616)
	at org.testng.SuiteRunner.runTest(SuiteRunner.java:359)
	at org.testng.SuiteRunner.runSequentially(SuiteRunner.java:354)
	at org.testng.SuiteRunner.privateRun(SuiteRunner.java:312)
	at org.testng.SuiteRunner.run(SuiteRunner.java:261)
	at org.testng.SuiteRunnerWorker.runSuite(SuiteRunnerWorker.java:52)
	at org.testng.SuiteRunnerWorker.run(SuiteRunnerWorker.java:86)
	at org.testng.TestNG.runSuitesSequentially(TestNG.java:1215)
	at org.testng.TestNG.runSuitesLocally(TestNG.java:1140)
	at org.testng.TestNG.run(TestNG.java:1048)
	at org.testng.remote.AbstractRemoteTestNG.run(AbstractRemoteTestNG.java:126)
	at org.testng.remote.RemoteTestNG.initAndRun(RemoteTestNG.java:137)
	at org.testng.remote.RemoteTestNG.main(RemoteTestNG.java:58)
]]>
    </failure>
  </testcase> <!-- @BeforeTest testSetUp -->
  <testcase name="swipeThroughSectionFronts" time="0.013" classname="com.LATimes.tests.LATimesCallingFunctions">
    <skipped/>
  </testcase> <!-- swipeThroughSectionFronts -->
</testsuite> <!-- Default test -->
