<?xml version="1.0" encoding="UTF-8"?>
<!-- Generated by org.testng.reporters.JUnitXMLReporter -->
<testsuite hostname="U1-DPE-CPB-0020" name="Test" tests="1" failures="1" timestamp="4 Mar 2016 06:13:30 GMT" time="0.135" errors="0">
  <testcase name="MCallSearch" time="0.08" classname="com.mcall.TestCases.VerifyMCallLoginAndSearch">
    <failure type="java.lang.NullPointerException">
      <![CDATA[java.lang.NullPointerException
	at com.mcall.TestCases.VerifyMCallLoginAndSearch.MCallSearch(VerifyMCallLoginAndSearch.java:68)
... Removed 24 stack frames]]>
    </failure>
  </testcase> <!-- MCallSearch -->
</testsuite> <!-- Test -->
